[18:54:18] [main/INFO]: Environment: authHost='https://authserver.mojang.com', accountsHost='https://api.mojang.com', sessionHost='https://sessionserver.mojang.com', servicesHost='https://api.minecraftservices.com', name='PROD'
[18:54:18] [main/WARN]: Ambiguity between arguments [teleport, location] and [teleport, destination] with inputs: [0.1 -0.5 .9, 0 0 0]
[18:54:18] [main/WARN]: Ambiguity between arguments [teleport, location] and [teleport, targets] with inputs: [0.1 -0.5 .9, 0 0 0]
[18:54:18] [main/WARN]: Ambiguity between arguments [teleport, destination] and [teleport, targets] with inputs: [Player, 0123, @e, dd12be42-52a9-4a91-a8a1-11c01849e498]
[18:54:18] [main/WARN]: Ambiguity between arguments [teleport, targets] and [teleport, destination] with inputs: [Player, 0123, dd12be42-52a9-4a91-a8a1-11c01849e498]
[18:54:18] [main/WARN]: Ambiguity between arguments [teleport, targets, location] and [teleport, targets, destination] with inputs: [0.1 -0.5 .9, 0 0 0]
[18:54:18] [main/INFO]: Reloading ResourceManager: Default
[18:54:19] [Worker-Main-12/INFO]: Loaded 7 recipes
[18:54:19] [Worker-Main-12/INFO]: Loaded 1137 advancements
[18:54:21] [Server thread/INFO]: Starting minecraft server version 1.17.1
[18:54:21] [Server thread/INFO]: Loading properties
[18:54:21] [Server thread/INFO]: Default game type: SURVIVAL
[18:54:21] [Server thread/INFO]: Generating keypair
[18:54:21] [Server console handler/ERROR]: Exception handling console input
java.io.IOException: The handle is invalid
	at java.io.FileInputStream.readBytes(Native Method) ~[?:?]
	at java.io.FileInputStream.read(FileInputStream.java:276) ~[?:?]
	at java.io.BufferedInputStream.read1(BufferedInputStream.java:282) ~[?:?]
	at java.io.BufferedInputStream.read(BufferedInputStream.java:343) ~[?:?]
	at sun.nio.cs.StreamDecoder.readBytes(StreamDecoder.java:270) ~[?:?]
	at sun.nio.cs.StreamDecoder.implRead(StreamDecoder.java:313) ~[?:?]
	at sun.nio.cs.StreamDecoder.read(StreamDecoder.java:188) ~[?:?]
	at java.io.InputStreamReader.read(InputStreamReader.java:177) ~[?:?]
	at java.io.BufferedReader.fill(BufferedReader.java:162) ~[?:?]
	at java.io.BufferedReader.readLine(BufferedReader.java:329) ~[?:?]
	at java.io.BufferedReader.readLine(BufferedReader.java:396) ~[?:?]
	at aas$1.run(SourceFile:101) [server.jar:?]
[18:54:21] [Server thread/INFO]: Starting Minecraft server on 25.39.95.85:25565
[18:54:21] [Server thread/INFO]: Using default channel type
[18:54:21] [Server thread/WARN]: **** SERVER IS RUNNING IN OFFLINE/INSECURE MODE!
[18:54:21] [Server thread/WARN]: The server will make no attempt to authenticate usernames. Beware.
[18:54:21] [Server thread/WARN]: While this makes the game possible to play without internet access, it also opens up the ability for hackers to connect with any username they choose.
[18:54:21] [Server thread/WARN]: To change this, set "online-mode" to "true" in the server.properties file.
[18:54:21] [Server thread/INFO]: Preparing level "world"
[18:54:22] [Server thread/INFO]: Preparing start region for dimension minecraft:overworld
[18:54:22] [Worker-Main-11/INFO]: Preparing spawn area: 0%
[18:54:22] [Worker-Main-11/INFO]: Preparing spawn area: 0%
[18:54:23] [Worker-Main-13/INFO]: Preparing spawn area: 0%
[18:54:23] [Worker-Main-14/INFO]: Preparing spawn area: 1%
[18:54:24] [Worker-Main-9/INFO]: Preparing spawn area: 13%
[18:54:24] [Worker-Main-10/INFO]: Preparing spawn area: 25%
[18:54:25] [Worker-Main-9/INFO]: Preparing spawn area: 63%
[18:54:25] [Server thread/INFO]: Time elapsed: 3855 ms
[18:54:25] [Server thread/INFO]: Done (4.014s)! For help, type "help"
[18:56:19] [Server thread/INFO]: CandyKiller2000[/25.39.95.85:57376] logged in with entity id 93 at (-601.3672970440708, 72.0, 7301.97854214504)
[18:56:19] [Server thread/INFO]: CandyKiller2000 joined the game
[19:06:49] [Server thread/INFO]: Villager bjr['Villager'/8746, l='ServerLevel[world]', x=-823.65, y=69.00, z=4673.59] died, message: 'Villager was slain by Husk'
[19:12:32] [Server thread/INFO]: CandyKiller2000 lost connection: Disconnected
[19:12:32] [Server thread/INFO]: CandyKiller2000 left the game
[19:12:34] [Server thread/INFO]: Stopping server
[19:12:34] [Server thread/INFO]: Saving players
[19:12:34] [Server thread/INFO]: Saving worlds
[19:12:34] [Server thread/INFO]: Saving chunks for level 'ServerLevel[world]'/minecraft:overworld
[19:12:34] [Server thread/INFO]: Saving chunks for level 'ServerLevel[world]'/minecraft:the_nether
[19:12:34] [Server thread/INFO]: Saving chunks for level 'ServerLevel[world]'/minecraft:the_end
[19:12:34] [Server thread/INFO]: ThreadedAnvilChunkStorage (world): All chunks are saved
[19:12:34] [Server thread/INFO]: ThreadedAnvilChunkStorage (DIM-1): All chunks are saved
[19:12:34] [Server thread/INFO]: ThreadedAnvilChunkStorage (DIM1): All chunks are saved
[19:12:34] [Server thread/INFO]: ThreadedAnvilChunkStorage: All dimensions are saved
